<?xml version="1.0" encoding="UTF-8"?>
<!-- Generated by org.testng.reporters.JUnitReportReporter -->
<testsuite skipped="0" hostname="antelle" name="Build.Michelles" tests="1" failures="0" timestamp="18 Aug 2017 04:14:00 GMT" time="10.354" errors="0">
  <testcase name="f" time="10.354" classname="Build.Michelles"/>
</testsuite> <!-- Build.Michelles -->
